<?xml version="1.0" encoding="UTF-8"?>
<!-- Generated by org.testng.reporters.JUnitReportReporter -->
<testsuite hostname="DESKTOP-N2O8J3T" failures="0" tests="4" name="parallel.RunCucumberTest" time="0.836" errors="0" timestamp="2024-07-05T11:52:55 IST" skipped="0">
  <testcase classname="parallel.RunCucumberTest" name="runScenario" time="0.209"/>
  <system-out/>
  <testcase classname="parallel.RunCucumberTest" name="runScenario" time="0.209"/>
  <system-out/>
  <testcase classname="parallel.RunCucumberTest" name="runScenario" time="0.209"/>
  <system-out/>
  <testcase classname="parallel.RunCucumberTest" name="runScenario" time="0.209"/>
  <system-out/>
</testsuite> <!-- parallel.RunCucumberTest -->
