<?xml version="1.0" encoding="UTF-8"?>
<!-- Generated by org.testng.reporters.JUnitReportReporter -->
<testsuite hostname="DESKTOP-N2O8J3T" failures="0" tests="4" name="parallel.RunCucumberTest" time="0.812" errors="0" timestamp="2024-10-30T14:46:27 IST" skipped="0">
  <testcase classname="parallel.RunCucumberTest" name="runScenario" time="0.202"/>
  <system-out/>
  <testcase classname="parallel.RunCucumberTest" name="runScenario" time="0.201"/>
  <system-out/>
  <testcase classname="parallel.RunCucumberTest" name="runScenario" time="0.208"/>
  <system-out/>
  <testcase classname="parallel.RunCucumberTest" name="runScenario" time="0.201"/>
  <system-out/>
</testsuite> <!-- parallel.RunCucumberTest -->
